<?xml version="1.0" encoding="UTF-8"?>
<!-- Generated by org.testng.reporters.JUnitReportReporter -->
<testsuite skipped="0" hostname="ATMECSINDT-046" name="com.atmecs.TaskKonakart.TaskKonakort.SearchValidation" tests="1" failures="0" timestamp="14 Oct 2019 17:08:02 GMT" time="52.787" errors="0">
  <testcase name="searchValidation" time="52.787" classname="com.atmecs.TaskKonakart.TaskKonakort.SearchValidation"/>
</testsuite> <!-- com.atmecs.TaskKonakart.TaskKonakort.SearchValidation -->
